app/build/outputs/logs/manifest-merger-debug-report.txt
-- Merging decision tree log ---
manifest
ADDED from src\main\AndroidManifest.xml:11:1-1690:12
INJECTED from src\main\AndroidManifest.xml:11:1-1690:12
INJECTED from src\main\AndroidManifest.xml:11:1-1690:12
INJECTED from src\main\AndroidManifest.xml:11:1-1690:12
MERGED from [:libraries_res:chrome_res] AndroidManifest.xml:2:1-9:12
MERGED from [com.google.android.gms:play-services-gcm:17.0.0] AndroidManifest.xml:17:1-28:12
MERGED from [com.google.firebase:firebase-messaging:23.0.0] AndroidManifest.xml:17:1-58:12
MERGED from [com.google.android.gms:play-services-iid:17.0.0] AndroidManifest.xml:17:1-28:12
MERGED from [com.google.android.gms:play-services-stats:17.0.0] AndroidManifest.xml:2:1-9:12
MERGED from [com.google.android.material:material:1.6.0-alpha02] AndroidManifest.xml:17:1-24:12
MERGED from [androidx.dynamicanimation:dynamicanimation:1.0.0] AndroidManifest.xml:17:1-22:12
MERGED from [com.google.android.gms:play-services-cast:21.0.1] AndroidManifest.xml:17:1-24:12
MERGED from [androidx.mediarouter:mediarouter:1.2.6] AndroidManifest.xml:17:1-24:12
MERGED from [androidx.palette:palette:1.0.0] AndroidManifest.xml:17:1-22:12
MERGED from [androidx.legacy:legacy-support-v13:1.0.0] AndroidManifest.xml:17:1-22:12
MERGED from [androidx.legacy:legacy-support-v4:1.0.0] AndroidManifest.xml:17:1-22:12
MERGED from [androidx.legacy:legacy-support-core-ui:1.0.0] AndroidManifest.xml:17:1-22:12
MERGED from [androidx.legacy:legacy-support-core-utils:1.0.0] AndroidManifest.xml:17:1-22:12
MERGED from [com.google.android.gms:play-services-nearby:18.0.2] AndroidManifest.xml:2:1-17:12
MERGED from [androidx.preference:preference:1.2.0] AndroidManifest.xml:17:1-24:12
MERGED from [androidx.coordinatorlayout:coordinatorlayout:1.2.0] AndroidManifest.xml:17:1-24:12
MERGED from [androidx.swiperefreshlayout:swiperefreshlayout:1.2.0-alpha01] AndroidManifest.xml:17:1-24:12
MERGED from [androidx.media:media:1.4.3] AndroidManifest.xml:17:1-24:12
MERGED from [androidx.constraintlayout:constraintlayout:2.1.3] AndroidManifest.xml:2:1-11:12
MERGED from [androidx.appcompat:appcompat:1.4.1] AndroidManifest.xml:17:1-24:12
MERGED from [androidx.drawerlayout:drawerlayout:1.1.1] AndroidManifest.xml:17:1-24:12
MERGED from [androidx.webkit:webkit:1.4.0] AndroidManifest.xml:17:1-24:12
MERGED from [androidx.viewpager2:viewpager2:1.0.0] AndroidManifest.xml:17:1-24:12
MERGED from [androidx.recyclerview:recyclerview:1.3.0-alpha01] AndroidManifest.xml:17:1-24:12
MERGED from [androidx.browser:browser:1.4.0] AndroidManifest.xml:17:1-24:12
MERGED from [com.google.android.gms:play-services-auth:20.1.0] AndroidManifest.xml:17:1-40:12
MERGED from [com.google.android.gms:play-services-places:17.0.0] AndroidManifest.xml:17:1-24:12
MERGED from [com.google.android.gms:play-services-maps:18.0.2] AndroidManifest.xml:17:1-44:12
MERGED from [com.google.android.gms:play-services-plus:17.0.0] AndroidManifest.xml:17:1-24:12
MERGED from [com.google.android.gms:play-services-vision:20.1.3] AndroidManifest.xml:2:1-9:12
MERGED from [com.google.android.gms:play-services-safetynet:18.0.1] AndroidManifest.xml:17:1-24:12
MERGED from [com.google.android.gms:play-services-audience:17.0.0] AndroidManifest.xml:17:1-24:12
MERGED from [com.google.android.gms:play-services-vision-common:19.1.3] AndroidManifest.xml:2:1-9:12
MERGED from [com.google.android.gms:play-services-auth-api-phone:18.0.1] AndroidManifest.xml:2:1-7:12
MERGED from [com.google.android.gms:play-services-auth-base:18.0.1] AndroidManifest.xml:2:1-7:12
MERGED from [com.google.android.gms:play-services-flags:18.0.1] AndroidManifest.xml:17:1-22:12
MERGED from [com.google.android.gms:play-services-clearcut:17.0.0] AndroidManifest.xml:17:1-24:12
MERGED from [com.google.android.gms:play-services-phenotype:17.0.0] AndroidManifest.xml:17:1-24:12
MERGED from [com.google.android.gms:play-services-base:18.0.1] AndroidManifest.xml:16:1-24:12
MERGED from [com.google.android.gms:play-services-cloud-messaging:17.0.0] AndroidManifest.xml:2:1-13:12
MERGED from [com.google.firebase:firebase-datatransport:18.0.0] AndroidManifest.xml:15:1-34:12
MERGED from [com.google.firebase:firebase-installations:17.0.0] AndroidManifest.xml:2:1-24:12
MERGED from [com.google.firebase:firebase-common:20.0.0] AndroidManifest.xml:15:1-40:12
MERGED from [com.google.firebase:firebase-iid-interop:17.1.0] AndroidManifest.xml:2:1-10:12
MERGED from [com.google.firebase:firebase-measurement-connector:19.0.0] AndroidManifest.xml:17:1-25:12
MERGED from [com.google.android.gms:play-services-places-placereport:17.0.0] AndroidManifest.xml:17:1-24:12
MERGED from [com.google.firebase:firebase-installations-interop:17.0.0] AndroidManifest.xml:15:1-23:12
MERGED from [com.google.android.gms:play-services-tasks:18.0.1] AndroidManifest.xml:2:1-6:12
MERGED from [com.google.android.gms:play-services-basement:18.0.0] AndroidManifest.xml:16:1-26:12
MERGED from [androidx.fragment:fragment-ktx:1.3.6] AndroidManifest.xml:17:1-24:12
MERGED from [androidx.fragment:fragment:1.3.6] AndroidManifest.xml:17:1-24:12
MERGED from [androidx.loader:loader:1.0.0] AndroidManifest.xml:17:1-22:12
MERGED from [androidx.slidingpanelayout:slidingpanelayout:1.2.0] AndroidManifest.xml:17:1-24:12
MERGED from [androidx.appcompat:appcompat-resources:1.4.1] AndroidManifest.xml:17:1-24:12
MERGED from [androidx.vectordrawable:vectordrawable-animated:1.1.0] AndroidManifest.xml:17:1-24:12
MERGED from [androidx.vectordrawable:vectordrawable:1.1.0] AndroidManifest.xml:17:1-24:12
MERGED from [androidx.viewpager:viewpager:1.0.0] AndroidManifest.xml:17:1-22:12
MERGED from [androidx.customview:customview:1.1.0] AndroidManifest.xml:17:1-24:12
MERGED from [androidx.activity:activity-ktx:1.2.2] AndroidManifest.xml:17:1-24:12
MERGED from [androidx.activity:activity:1.2.4] AndroidManifest.xml:17:1-24:12
MERGED from [androidx.emoji2:emoji2-views-helper:1.0.0] AndroidManifest.xml:17:1-24:12
MERGED from [androidx.emoji2:emoji2:1.0.0] AndroidManifest.xml:17:1-37:12
MERGED from [androidx.core:core-ktx:1.1.0] AndroidManifest.xml:2:1-9:12
MERGED from [androidx.transition:transition:1.4.1] AndroidManifest.xml:17:1-24:12
MERGED from [androidx.window:window:1.0.0] AndroidManifest.xml:17:1-33:12
MERGED from [androidx.asynclayoutinflater:asynclayoutinflater:1.0.0] AndroidManifest.xml:17:1-22:12
MERGED from [androidx.core:core:1.7.0] AndroidManifest.xml:17:1-26:12
MERGED from [com.google.ar:core:1.29.0] AndroidManifest.xml:17:1-49:12
MERGED from [:libraries_res:ui_res] AndroidManifest.xml:2:1-9:12
MERGED from [:libraries_res:content_res] AndroidManifest.xml:2:1-9:12
MERGED from [androidx.multidex:multidex-instrumentation:2.0.0] AndroidManifest.xml:17:1-22:12
MERGED from [androidx.multidex:multidex:2.0.1] AndroidManifest.xml:17:1-22:12
MERGED from [androidx.versionedparcelable:versionedparcelable:1.1.1] AndroidManifest.xml:17:1-27:12
MERGED from [androidx.documentfile:documentfile:1.0.0] AndroidManifest.xml:17:1-22:12
MERGED from [androidx.localbroadcastmanager:localbroadcastmanager:1.0.0] AndroidManifest.xml:17:1-22:12
MERGED from [androidx.print:print:1.0.0] AndroidManifest.xml:17:1-22:12
MERGED from [com.google.android.datatransport:transport-backend-cct:3.0.0] AndroidManifest.xml:15:1-38:12
MERGED from [com.google.android.datatransport:transport-runtime:3.0.0] AndroidManifest.xml:15:1-41:12
MERGED from [com.google.android.datatransport:transport-api:3.0.0] AndroidManifest.xml:15:1-22:12
MERGED from [com.google.firebase:firebase-components:17.0.0] AndroidManifest.xml:15:1-23:12
MERGED from [androidx.cardview:cardview:1.0.0] AndroidManifest.xml:17:1-22:12
MERGED from [androidx.interpolator:interpolator:1.0.0] AndroidManifest.xml:17:1-22:12
MERGED from [androidx.cursoradapter:cursoradapter:1.0.0] AndroidManifest.xml:17:1-22:12
MERGED from [androidx.savedstate:savedstate-ktx:1.1.0] AndroidManifest.xml:17:1-24:12
MERGED from [androidx.lifecycle:lifecycle-viewmodel-savedstate:2.3.1] AndroidManifest.xml:17:1-24:12
MERGED from [androidx.savedstate:savedstate:1.1.0] AndroidManifest.xml:17:1-24:12
MERGED from [androidx.lifecycle:lifecycle-viewmodel-ktx:2.3.1] AndroidManifest.xml:17:1-24:12
MERGED from [androidx.lifecycle:lifecycle-viewmodel:2.3.1] AndroidManifest.xml:17:1-24:12
MERGED from [androidx.lifecycle:lifecycle-livedata:2.0.0] AndroidManifest.xml:17:1-22:12
MERGED from [androidx.lifecycle:lifecycle-livedata-core-ktx:2.3.1] AndroidManifest.xml:17:1-24:12
MERGED from [androidx.lifecycle:lifecycle-livedata-core:2.3.1] AndroidManifest.xml:17:1-24:12
MERGED from [androidx.lifecycle:lifecycle-process:2.4.0] AndroidManifest.xml:17:1-37:12
MERGED from [androidx.lifecycle:lifecycle-runtime-ktx:2.3.1] AndroidManifest.xml:17:1-24:12
MERGED from [androidx.lifecycle:lifecycle-runtime:2.4.0] AndroidManifest.xml:17:1-24:12
MERGED from [androidx.arch.core:core-runtime:2.1.0] AndroidManifest.xml:17:1-24:12
MERGED from [com.google.firebase:firebase-encoders-json:18.0.0] AndroidManifest.xml:15:1-23:12
MERGED from [androidx.startup:startup-runtime:1.0.0] AndroidManifest.xml:17:1-33:12
MERGED from [androidx.tracing:tracing:1.0.0] AndroidManifest.xml:17:1-24:12
MERGED from [com.android.installreferrer:installreferrer:2.2] AndroidManifest.xml:2:1-13:12
MERGED from [com.android.volley:volley:1.2.1] AndroidManifest.xml:2:1-7:12
MERGED from [androidx.annotation:annotation-experimental:1.1.0] AndroidManifest.xml:17:1-24:12
MERGED from [:libraries_res:datausagechart_res] AndroidManifest.xml:2:1-9:12
MERGED from [:libraries_res:androidmedia_res] AndroidManifest.xml:2:1-9:12
INJECTED from src\main\AndroidManifest.xml:11:1-1690:12
INJECTED from src\main\AndroidManifest.xml:11:1-1690:12
INJECTED from src\main\AndroidManifest.xml:11:1-1690:12
	package
		ADDED from src\main\AndroidManifest.xml:13:11-48
		INJECTED from src\main\AndroidManifest.xml
		INJECTED from src\main\AndroidManifest.xml
	android:versionName
		INJECTED from src\main\AndroidManifest.xml
		ADDED from src\main\AndroidManifest.xml:11:1-1690:12
		INJECTED from src\main\AndroidManifest.xml
	xmlns:tools
		ADDED from src\main\AndroidManifest.xml:12:11-57
	android:versionCode
		INJECTED from src\main\AndroidManifest.xml
		ADDED from src\main\AndroidManifest.xml:11:1-1690:12
		INJECTED from src\main\AndroidManifest.xml
	xmlns:android
		ADDED from src\main\AndroidManifest.xml:11:11-69
uses-feature#0x00020000
ADDED from src\main\AndroidManifest.xml:17:5-54
MERGED from [com.google.android.gms:play-services-maps:18.0.2] AndroidManifest.xml:26:5-28:35
MERGED from [com.google.android.gms:play-services-maps:18.0.2] AndroidManifest.xml:26:5-28:35
	android:glEsVersion
		ADDED from src\main\AndroidManifest.xml:17:19-51
	android:required
		ADDED from [com.google.android.gms:play-services-maps:18.0.2] AndroidManifest.xml:28:9-32
supports-screens
ADDED from src\main\AndroidManifest.xml:18:2-22:40
	android:largeScreens
		ADDED from src\main\AndroidManifest.xml:21:9-36
	android:smallScreens
		ADDED from src\main\AndroidManifest.xml:19:9-36
	android:normalScreens
		ADDED from src\main\AndroidManifest.xml:20:9-37
	android:xlargeScreens
		ADDED from src\main\AndroidManifest.xml:22:9-37
uses-permission#android.permission.REQUEST_INSTALL_PACKAGES
ADDED from src\main\AndroidManifest.xml:25:5-82
	android:name
		ADDED from src\main\AndroidManifest.xml:25:22-80
uses-permission#android.permission.INTERNET
ADDED from src\main\AndroidManifest.xml:28:5-66
MERGED from [com.google.android.gms:play-services-gcm:17.0.0] AndroidManifest.xml:24:5-67
MERGED from [com.google.android.gms:play-services-gcm:17.0.0] AndroidManifest.xml:24:5-67
MERGED from [com.google.android.gms:play-services-iid:17.0.0] AndroidManifest.xml:24:5-67
MERGED from [com.google.android.gms:play-services-iid:17.0.0] AndroidManifest.xml:24:5-67
MERGED from [com.google.android.gms:play-services-maps:18.0.2] AndroidManifest.xml:24:5-67
MERGED from [com.google.android.gms:play-services-maps:18.0.2] AndroidManifest.xml:24:5-67
MERGED from [com.google.android.gms:play-services-cloud-messaging:17.0.0] AndroidManifest.xml:8:5-67
MERGED from [com.google.android.gms:play-services-cloud-messaging:17.0.0] AndroidManifest.xml:8:5-67
MERGED from [com.google.firebase:firebase-installations:17.0.0] AndroidManifest.xml:11:5-67
MERGED from [com.google.firebase:firebase-installations:17.0.0] AndroidManifest.xml:11:5-67
MERGED from [com.google.android.datatransport:transport-backend-cct:3.0.0] AndroidManifest.xml:26:5-67
MERGED from [com.google.android.datatransport:transport-backend-cct:3.0.0] AndroidManifest.xml:26:5-67
	android:name
		ADDED from src\main\AndroidManifest.xml:28:22-64
uses-permission#android.permission.READ_EXTERNAL_STORAGE
ADDED from src\main\AndroidManifest.xml:29:5-79
	android:name
		ADDED from src\main\AndroidManifest.xml:29:22-77
uses-permission#android.permission.MANAGE_EXTERNAL_STORAGE
ADDED from src\main\AndroidManifest.xml:30:5-81
	android:name
		ADDED from src\main\AndroidManifest.xml:30:22-79
uses-permission#android.permission.ACCESS_NETWORK_STATE
ADDED from src\main\AndroidManifest.xml:31:5-78
MERGED from [com.google.firebase:firebase-messaging:23.0.0] AndroidManifest.xml:22:5-79
MERGED from [com.google.firebase:firebase-messaging:23.0.0] AndroidManifest.xml:22:5-79
MERGED from [com.google.android.gms:play-services-nearby:18.0.2] AndroidManifest.xml:7:5-79
MERGED from [com.google.android.gms:play-services-nearby:18.0.2] AndroidManifest.xml:7:5-79
MERGED from [com.google.android.gms:play-services-maps:18.0.2] AndroidManifest.xml:23:5-79
MERGED from [com.google.android.gms:play-services-maps:18.0.2] AndroidManifest.xml:23:5-79
MERGED from [com.google.android.gms:play-services-cloud-messaging:17.0.0] AndroidManifest.xml:7:5-79
MERGED from [com.google.android.gms:play-services-cloud-messaging:17.0.0] AndroidManifest.xml:7:5-79
MERGED from [com.google.firebase:firebase-installations:17.0.0] AndroidManifest.xml:10:5-79
MERGED from [com.google.firebase:firebase-installations:17.0.0] AndroidManifest.xml:10:5-79
MERGED from [com.google.android.datatransport:transport-backend-cct:3.0.0] AndroidManifest.xml:25:5-79
MERGED from [com.google.android.datatransport:transport-backend-cct:3.0.0] AndroidManifest.xml:25:5-79
MERGED from [com.google.android.datatransport:transport-runtime:3.0.0] AndroidManifest.xml:22:5-79
MERGED from [com.google.android.datatransport:transport-runtime:3.0.0] AndroidManifest.xml:22:5-79
	android:name
		ADDED from src\main\AndroidManifest.xml:31:22-76
uses-permission#android.permission.ACCESS_WIFI_STATE
ADDED from src\main\AndroidManifest.xml:32:5-75
	android:name
		ADDED from src\main\AndroidManifest.xml:32:22-73
uses-permission#android.permission.ACCESS_LOCATION
ADDED from src\main\AndroidManifest.xml:33:5-73
	android:name
		ADDED from src\main\AndroidManifest.xml:33:22-71
uses-permission#android.permission.ACCESS_COARSE_LOCATION
ADDED from src\main\AndroidManifest.xml:34:5-80
	android:name
		ADDED from src\main\AndroidManifest.xml:34:22-78
uses-permission#android.permission.ACCESS_FINE_LOCATION
ADDED from src\main\AndroidManifest.xml:35:5-78
	android:name
		ADDED from src\main\AndroidManifest.xml:35:22-76
uses-permission#android.permission.ACCESS_GPS
ADDED from src\main\AndroidManifest.xml:36:5-68
	android:name
		ADDED from src\main\AndroidManifest.xml:36:22-66
uses-permission#android.permission.ACCESS_ASSISTED_GPS
ADDED from src\main\AndroidManifest.xml:37:5-77
	android:name
		ADDED from src\main\AndroidManifest.xml:37:22-75
uses-permission#android.permission.WAKE_LOCK
ADDED from src\main\AndroidManifest.xml:38:5-67
MERGED from [com.google.firebase:firebase-messaging:23.0.0] AndroidManifest.xml:23:5-68
MERGED from [com.google.firebase:firebase-messaging:23.0.0] AndroidManifest.xml:23:5-68
MERGED from [com.google.android.gms:play-services-cloud-messaging:17.0.0] AndroidManifest.xml:9:5-68
MERGED from [com.google.android.gms:play-services-cloud-messaging:17.0.0] AndroidManifest.xml:9:5-68
	android:name
		ADDED from src\main\AndroidManifest.xml:38:22-65
uses-permission#android.permission.VIBRATE
ADDED from src\main\AndroidManifest.xml:39:5-65
	android:name
		ADDED from src\main\AndroidManifest.xml:39:22-63
uses-permission#android.permission.NFC
ADDED from src\main\AndroidManifest.xml:40:5-61
	android:name
		ADDED from src\main\AndroidManifest.xml:40:22-59
uses-permission#android.permission.QUERY_ALL_PACKAGES
ADDED from src\main\AndroidManifest.xml:41:5-77
	android:name
		ADDED from src\main\AndroidManifest.xml:41:22-74
uses-permission#android.permission.USE_BIOMETRIC
ADDED from src\main\AndroidManifest.xml:42:5-71
	android:name
		ADDED from src\main\AndroidManifest.xml:42:22-69
uses-permission#android.permission.CAMERA
ADDED from src\main\AndroidManifest.xml:44:5-64
	android:name
		ADDED from src\main\AndroidManifest.xml:44:22-62
uses-permission#android.permission.RECORD_AUDIO
ADDED from src\main\AndroidManifest.xml:45:5-70
	android:name
		ADDED from src\main\AndroidManifest.xml:45:22-68
uses-permission#android.permission.MODIFY_AUDIO_SETTINGS
ADDED from src\main\AndroidManifest.xml:46:5-79
	android:name
		ADDED from src\main\AndroidManifest.xml:46:22-77
uses-permission#android.permission.FOREGROUND_SERVICE
ADDED from src\main\AndroidManifest.xml:47:5-76
	android:name
		ADDED from src\main\AndroidManifest.xml:47:22-74
uses-permission#com.google.android.apps.now.CURRENT_ACCOUNT_ACCESS
ADDED from src\main\AndroidManifest.xml:48:5-90
	android:name
		ADDED from src\main\AndroidManifest.xml:48:22-87
uses-permission#android.permission.USE_CREDENTIALS
ADDED from src\main\AndroidManifest.xml:49:5-73
	android:name
		ADDED from src\main\AndroidManifest.xml:49:22-71
uses-permission#android.permission.GET_ACCOUNTS
ADDED from src\main\AndroidManifest.xml:50:5-70
	android:name
		ADDED from src\main\AndroidManifest.xml:50:22-68
uses-permission#android.permission.MANAGE_ACCOUNTS
ADDED from src\main\AndroidManifest.xml:51:5-73
	android:name
		ADDED from src\main\AndroidManifest.xml:51:22-71
uses-permission#android.permission.BLUETOOTH
ADDED from src\main\AndroidManifest.xml:53:5-67
	android:name
		ADDED from src\main\AndroidManifest.xml:53:22-65
uses-permission#android.permission.BLUETOOTH_ADMIN
ADDED from src\main\AndroidManifest.xml:54:5-73
	android:name
		ADDED from src\main\AndroidManifest.xml:54:22-71
uses-permission#android.permission.READ_SYNC_SETTINGS
ADDED from src\main\AndroidManifest.xml:57:5-76
	android:name
		ADDED from src\main\AndroidManifest.xml:57:22-74
uses-permission#android.permission.READ_SYNC_STATS
ADDED from src\main\AndroidManifest.xml:58:5-73
	android:name
		ADDED from src\main\AndroidManifest.xml:58:22-71
uses-permission#android.permission.WRITE_SYNC_SETTINGS
ADDED from src\main\AndroidManifest.xml:59:5-77
	android:name
		ADDED from src\main\AndroidManifest.xml:59:22-75
uses-feature#android.hardware.camera
ADDED from src\main\AndroidManifest.xml:61:5-84
	android:required
		ADDED from src\main\AndroidManifest.xml:61:58-82
	android:name
		ADDED from src\main\AndroidManifest.xml:61:19-57
uses-feature#android.hardware.camera.autofocus
ADDED from src\main\AndroidManifest.xml:62:5-94
	android:required
		ADDED from src\main\AndroidManifest.xml:62:68-92
	android:name
		ADDED from src\main\AndroidManifest.xml:62:19-67
uses-feature#android.hardware.audio.output
ADDED from src\main\AndroidManifest.xml:63:5-90
	android:required
		ADDED from src\main\AndroidManifest.xml:63:64-88
	android:name
		ADDED from src\main\AndroidManifest.xml:63:19-63
uses-feature#android.hardware.wifi
ADDED from src\main\AndroidManifest.xml:64:5-82
	android:required
		ADDED from src\main\AndroidManifest.xml:64:56-80
	android:name
		ADDED from src\main\AndroidManifest.xml:64:19-55
uses-feature#android.hardware.touchscreen
ADDED from src\main\AndroidManifest.xml:65:5-89
	android:required
		ADDED from src\main\AndroidManifest.xml:65:63-87
	android:name
		ADDED from src\main\AndroidManifest.xml:65:19-62
uses-feature#android.hardware.camera.front
ADDED from src\main\AndroidManifest.xml:67:5-90
	android:required
		ADDED from src\main\AndroidManifest.xml:67:64-88
	android:name
		ADDED from src\main\AndroidManifest.xml:67:19-63
uses-feature#android.hardware.touchscreen.multitouch
ADDED from src\main\AndroidManifest.xml:69:5-100
	android:required
		ADDED from src\main\AndroidManifest.xml:69:74-98
	android:name
		ADDED from src\main\AndroidManifest.xml:69:19-73
uses-feature#android.hardware.touchscreen.multitouch.distinct
ADDED from src\main\AndroidManifest.xml:70:5-109
	android:required
		ADDED from src\main\AndroidManifest.xml:70:83-107
	android:name
		ADDED from src\main\AndroidManifest.xml:70:19-82
uses-feature#android.software.vr.mode
ADDED from src\main\AndroidManifest.xml:74:5-85
	android:required
		ADDED from src\main\AndroidManifest.xml:74:59-83
	android:name
		ADDED from src\main\AndroidManifest.xml:74:19-58
uses-feature#android.hardware.vr.high_performance
ADDED from src\main\AndroidManifest.xml:76:5-97
	android:required
		ADDED from src\main\AndroidManifest.xml:76:71-95
	android:name
		ADDED from src\main\AndroidManifest.xml:76:19-70
uses-feature#android.hardware.vr.headtracking
ADDED from src\main\AndroidManifest.xml:77:5-113
	android:version
		ADDED from src\main\AndroidManifest.xml:77:67-86
	android:required
		ADDED from src\main\AndroidManifest.xml:77:87-111
	android:name
		ADDED from src\main\AndroidManifest.xml:77:19-66
uses-feature#android.hardware.sensor.gyroscope
ADDED from src\main\AndroidManifest.xml:78:5-94
	android:required
		ADDED from src\main\AndroidManifest.xml:78:68-92
	android:name
		ADDED from src\main\AndroidManifest.xml:78:19-67
uses-feature#android.hardware.sensor.accelerometer
ADDED from src\main\AndroidManifest.xml:79:5-98
	android:required
		ADDED from src\main\AndroidManifest.xml:79:72-96
	android:name
		ADDED from src\main\AndroidManifest.xml:79:19-71
permission#org.chromium.chrome.permission.CHILD_SERVICE
ADDED from src\main\AndroidManifest.xml:82:5-115
	android:protectionLevel
		ADDED from src\main\AndroidManifest.xml:82:77-112
	android:name
		ADDED from src\main\AndroidManifest.xml:82:17-76
permission#org.chromium.chrome.permission.READ_WRITE_BOOKMARK_FOLDERS
ADDED from src\main\AndroidManifest.xml:83:5-129
	android:protectionLevel
		ADDED from src\main\AndroidManifest.xml:83:91-126
	android:name
		ADDED from src\main\AndroidManifest.xml:83:17-90
permission#org.chromium.chrome.TOS_ACKED
ADDED from src\main\AndroidManifest.xml:84:5-100
	android:protectionLevel
		ADDED from src\main\AndroidManifest.xml:84:62-97
	android:name
		ADDED from src\main\AndroidManifest.xml:84:17-61
permission#org.chromium.chrome.permission.C2D_MESSAGE
ADDED from src\main\AndroidManifest.xml:86:5-87:55
	android:protectionLevel
		ADDED from src\main\AndroidManifest.xml:87:17-52
	android:name
		ADDED from src\main\AndroidManifest.xml:86:17-74
permission#org.chromium.chrome.permission.DEBUG
ADDED from src\main\AndroidManifest.xml:88:5-91:55
	android:label
		ADDED from src\main\AndroidManifest.xml:89:17-48
	android:protectionLevel
		ADDED from src\main\AndroidManifest.xml:91:17-52
	android:permissionGroup
		ADDED from src\main\AndroidManifest.xml:90:17-85
	android:name
		ADDED from src\main\AndroidManifest.xml:88:17-68
permission#org.chromium.chrome.permission.TRANSLATE
ADDED from src\main\AndroidManifest.xml:92:5-93:47
	android:protectionLevel
		ADDED from src\main\AndroidManifest.xml:93:9-44
	android:name
		ADDED from src\main\AndroidManifest.xml:92:17-72
uses-permission#org.chromium.chrome.permission.C2D_MESSAGE
ADDED from src\main\AndroidManifest.xml:95:5-82
	android:name
		ADDED from src\main\AndroidManifest.xml:95:22-79
uses-permission#org.chromium.chrome.permission.READ_WRITE_BOOKMARK_FOLDERS
ADDED from src\main\AndroidManifest.xml:96:5-98
	android:name
		ADDED from src\main\AndroidManifest.xml:96:22-95
uses-permission#org.chromium.chrome.TOS_ACKED
ADDED from src\main\AndroidManifest.xml:97:5-69
	android:name
		ADDED from src\main\AndroidManifest.xml:97:22-66
uses-permission#com.chrome.permission.DEVICE_EXTRAS
ADDED from src\main\AndroidManifest.xml:99:5-75
	android:name
		ADDED from src\main\AndroidManifest.xml:99:22-72
uses-permission#com.android.browser.permission.READ_HISTORY_BOOKMARKS
ADDED from src\main\AndroidManifest.xml:100:5-92
	android:name
		ADDED from src\main\AndroidManifest.xml:100:22-90
uses-permission#com.android.browser.permission.WRITE_HISTORY_BOOKMARKS
ADDED from src\main\AndroidManifest.xml:101:5-93
	android:name
		ADDED from src\main\AndroidManifest.xml:101:22-91
uses-permission#com.google.android.c2dm.permission.RECEIVE
ADDED from src\main\AndroidManifest.xml:102:5-82
MERGED from [com.google.android.gms:play-services-gcm:17.0.0] AndroidManifest.xml:23:5-82
MERGED from [com.google.android.gms:play-services-gcm:17.0.0] AndroidManifest.xml:23:5-82
MERGED from [com.google.firebase:firebase-messaging:23.0.0] AndroidManifest.xml:25:5-82
MERGED from [com.google.firebase:firebase-messaging:23.0.0] AndroidManifest.xml:25:5-82
MERGED from [com.google.android.gms:play-services-iid:17.0.0] AndroidManifest.xml:23:5-82
MERGED from [com.google.android.gms:play-services-iid:17.0.0] AndroidManifest.xml:23:5-82
MERGED from [com.google.android.gms:play-services-cloud-messaging:17.0.0] AndroidManifest.xml:11:5-82
MERGED from [com.google.android.gms:play-services-cloud-messaging:17.0.0] AndroidManifest.xml:11:5-82
	android:name
		ADDED from src\main\AndroidManifest.xml:102:22-79
uses-permission#com.android.launcher.permission.INSTALL_SHORTCUT
ADDED from src\main\AndroidManifest.xml:103:5-87
	android:name
		ADDED from src\main\AndroidManifest.xml:103:22-85
uses-feature#android.hardware.location.gps
ADDED from src\main\AndroidManifest.xml:108:5-91
	android:required
		ADDED from src\main\AndroidManifest.xml:108:64-88
	android:name
		ADDED from src\main\AndroidManifest.xml:108:19-63
uses-feature#android.hardware.telephony
ADDED from src\main\AndroidManifest.xml:111:5-88
	android:required
		ADDED from src\main\AndroidManifest.xml:111:61-85
	android:name
		ADDED from src\main\AndroidManifest.xml:111:19-60
uses-feature#android.hardware.microphone
ADDED from src\main\AndroidManifest.xml:116:5-89
	android:required
		ADDED from src\main\AndroidManifest.xml:116:62-86
	android:name
		ADDED from src\main\AndroidManifest.xml:116:19-61
queries
ADDED from src\main\AndroidManifest.xml:126:3-133:17
MERGED from [com.google.android.gms:play-services-maps:18.0.2] AndroidManifest.xml:30:5-34:15
MERGED from [com.google.android.gms:play-services-maps:18.0.2] AndroidManifest.xml:30:5-34:15
MERGED from [com.google.ar:core:1.29.0] AndroidManifest.xml:29:5-31:15
MERGED from [com.google.ar:core:1.29.0] AndroidManifest.xml:29:5-31:15
package#com.google.ar.core
ADDED from src\main\AndroidManifest.xml:128:11-56
MERGED from [com.google.ar:core:1.29.0] AndroidManifest.xml:30:9-54
MERGED from [com.google.ar:core:1.29.0] AndroidManifest.xml:30:9-54
	android:name
		ADDED from src\main\AndroidManifest.xml:128:20-53
package#com.google.vr.vrcore
ADDED from src\main\AndroidManifest.xml:131:11-58
	android:name
		ADDED from src\main\AndroidManifest.xml:131:20-55
application
ADDED from src\main\AndroidManifest.xml:139:5-1689:19
MERGED from [com.google.android.gms:play-services-gcm:17.0.0] AndroidManifest.xml:26:5-20
MERGED from [com.google.android.gms:play-services-gcm:17.0.0] AndroidManifest.xml:26:5-20
MERGED from [com.google.firebase:firebase-messaging:23.0.0] AndroidManifest.xml:27:5-56:19
MERGED from [com.google.firebase:firebase-messaging:23.0.0] AndroidManifest.xml:27:5-56:19
MERGED from [com.google.android.gms:play-services-iid:17.0.0] AndroidManifest.xml:26:5-20
MERGED from [com.google.android.gms:play-services-iid:17.0.0] AndroidManifest.xml:26:5-20
MERGED from [com.google.android.gms:play-services-stats:17.0.0] AndroidManifest.xml:7:5-20
MERGED from [com.google.android.gms:play-services-stats:17.0.0] AndroidManifest.xml:7:5-20
MERGED from [com.google.android.material:material:1.6.0-alpha02] AndroidManifest.xml:22:5-20
MERGED from [com.google.android.material:material:1.6.0-alpha02] AndroidManifest.xml:22:5-20
MERGED from [com.google.android.gms:play-services-cast:21.0.1] AndroidManifest.xml:22:5-20
MERGED from [com.google.android.gms:play-services-cast:21.0.1] AndroidManifest.xml:22:5-20
MERGED from [com.google.android.gms:play-services-nearby:18.0.2] AndroidManifest.xml:9:5-15:19
MERGED from [com.google.android.gms:play-services-nearby:18.0.2] AndroidManifest.xml:9:5-15:19
MERGED from [androidx.constraintlayout:constraintlayout:2.1.3] AndroidManifest.xml:9:5-20
MERGED from [androidx.constraintlayout:constraintlayout:2.1.3] AndroidManifest.xml:9:5-20
MERGED from [com.google.android.gms:play-services-auth:20.1.0] AndroidManifest.xml:22:5-38:19
MERGED from [com.google.android.gms:play-services-auth:20.1.0] AndroidManifest.xml:22:5-38:19
MERGED from [com.google.android.gms:play-services-places:17.0.0] AndroidManifest.xml:22:5-20
MERGED from [com.google.android.gms:play-services-places:17.0.0] AndroidManifest.xml:22:5-20
MERGED from [com.google.android.gms:play-services-maps:18.0.2] AndroidManifest.xml:36:5-42:19
MERGED from [com.google.android.gms:play-services-maps:18.0.2] AndroidManifest.xml:36:5-42:19
MERGED from [com.google.android.gms:play-services-plus:17.0.0] AndroidManifest.xml:22:5-20
MERGED from [com.google.android.gms:play-services-plus:17.0.0] AndroidManifest.xml:22:5-20
MERGED from [com.google.android.gms:play-services-vision:20.1.3] AndroidManifest.xml:7:5-20
MERGED from [com.google.android.gms:play-services-vision:20.1.3] AndroidManifest.xml:7:5-20
MERGED from [com.google.android.gms:play-services-safetynet:18.0.1] AndroidManifest.xml:22:5-20
MERGED from [com.google.android.gms:play-services-safetynet:18.0.1] AndroidManifest.xml:22:5-20
MERGED from [com.google.android.gms:play-services-audience:17.0.0] AndroidManifest.xml:22:5-20
MERGED from [com.google.android.gms:play-services-audience:17.0.0] AndroidManifest.xml:22:5-20
MERGED from [com.google.android.gms:play-services-vision-common:19.1.3] AndroidManifest.xml:7:5-20